<?xml version="1.0" encoding="UTF-8"?>
<!-- Generated by org.testng.reporters.JUnitXMLReporter -->
<testsuite ignored="0" hostname="HYDPCM536276L" failures="0" tests="3" name="Default test" time="5.226" errors="0" timestamp="2022-05-06T15:59:30 IST">
  <testcase classname="com.testcases.DataProvider01" name="test" time="3.879"/>
  <testcase classname="com.testcases.DataProvider01" name="test" time="0.666"/>
  <testcase classname="com.testcases.DataProvider01" name="test" time="0.597"/>
</testsuite> <!-- Default test -->
