<?xml version="1.0" encoding="UTF-8"?>
<testng-results ignored="0" total="3" passed="3" failed="0" skipped="0">
  <reporter-output>
  </reporter-output>
  <suite started-at="2022-05-06T15:59:25 IST" name="Default suite" finished-at="2022-05-06T15:59:30 IST" duration-ms="5226">
    <groups>
    </groups>
    <test started-at="2022-05-06T15:59:25 IST" name="Default test" finished-at="2022-05-06T15:59:30 IST" duration-ms="5226">
      <class name="com.testcases.DataProvider01">
        <test-method signature="test(java.lang.String,java.lang.String)[pri:0, instance:com.testcases.DataProvider01@5562c41e]" started-at="2022-05-06T15:59:25 IST" name="test" data-provider="login" finished-at="2022-05-06T15:59:29 IST" duration-ms="3879" status="PASS">
          <params>
            <param index="0">
              <value>
                <![CDATA[eve.holt@reqres.in]]>
              </value>
            </param>
            <param index="1">
              <value>
                <![CDATA[cityslicka]]>
              </value>
            </param>
          </params>
          <reporter-output>
          </reporter-output>
        </test-method> <!-- test -->
        <test-method signature="test(java.lang.String,java.lang.String)[pri:0, instance:com.testcases.DataProvider01@5562c41e]" started-at="2022-05-06T15:59:29 IST" name="test" data-provider="login" finished-at="2022-05-06T15:59:30 IST" duration-ms="666" status="PASS">
          <params>
            <param index="0">
              <value>
                <![CDATA[eve.holt@reqres.in]]>
              </value>
            </param>
            <param index="1">
              <value>
                <![CDATA[pistol]]>
              </value>
            </param>
          </params>
          <reporter-output>
          </reporter-output>
        </test-method> <!-- test -->
        <test-method signature="test(java.lang.String,java.lang.String)[pri:0, instance:com.testcases.DataProvider01@5562c41e]" started-at="2022-05-06T15:59:30 IST" name="test" data-provider="login" finished-at="2022-05-06T15:59:30 IST" duration-ms="597" status="PASS">
          <params>
            <param index="0">
              <value>
                <![CDATA[eve.holt@reqres.in]]>
              </value>
            </param>
            <param index="1">
              <value>
                <![CDATA[france32]]>
              </value>
            </param>
          </params>
          <reporter-output>
          </reporter-output>
        </test-method> <!-- test -->
      </class> <!-- com.testcases.DataProvider01 -->
    </test> <!-- Default test -->
  </suite> <!-- Default suite -->
</testng-results>
